<?xml version="1.0" encoding="UTF-8"?>
<testng-results skipped="0" failed="0" ignored="0" total="2" passed="2">
  <reporter-output>
  </reporter-output>
  <suite name="Command line suite" duration-ms="80767" started-at="2020-06-26T11:14:14 IST" finished-at="2020-06-26T11:15:34 IST">
    <groups>
    </groups>
    <test name="Command line test" duration-ms="80767" started-at="2020-06-26T11:14:14 IST" finished-at="2020-06-26T11:15:34 IST">
      <class name="testCases.TestCase_1">
        <test-method status="PASS" signature="setProperties()[pri:0, instance:testCases.TestCase_1@16f8274]" name="setProperties" is-config="true" duration-ms="52" started-at="2020-06-26T11:14:14 IST" finished-at="2020-06-26T11:14:14 IST">
          <reporter-output>
          </reporter-output>
        </test-method> <!-- setProperties -->
        <test-method status="PASS" signature="beforeTest()[pri:0, instance:testCases.TestCase_1@16f8274]" name="beforeTest" is-config="true" duration-ms="4842" started-at="2020-06-26T11:14:14 IST" depends-on-methods="maven.selenium.testng.TestCore.setProperties" finished-at="2020-06-26T11:14:18 IST">
          <reporter-output>
          </reporter-output>
        </test-method> <!-- beforeTest -->
        <test-method status="PASS" signature="step1(java.lang.String)[pri:0, instance:testCases.TestCase_1@16f8274]" name="step1" duration-ms="4116" started-at="2020-06-26T11:14:19 IST" data-provider="google" finished-at="2020-06-26T11:14:23 IST">
          <params>
            <param index="0">
              <value>
                <![CDATA[Google]]>
              </value>
            </param>
          </params>
          <reporter-output>
          </reporter-output>
        </test-method> <!-- step1 -->
        <test-method status="PASS" signature="step2(java.lang.String)[pri:0, instance:testCases.TestCase_1@16f8274]" name="step2" duration-ms="69257" started-at="2020-06-26T11:14:23 IST" data-provider="yahoo" finished-at="2020-06-26T11:15:32 IST">
          <params>
            <param index="0">
              <value>
                <![CDATA[Yahoo]]>
              </value>
            </param>
          </params>
          <reporter-output>
          </reporter-output>
        </test-method> <!-- step2 -->
        <test-method status="PASS" signature="closeBrowser()[pri:0, instance:testCases.TestCase_1@16f8274]" name="closeBrowser" is-config="true" duration-ms="2377" started-at="2020-06-26T11:15:32 IST" finished-at="2020-06-26T11:15:34 IST">
          <reporter-output>
          </reporter-output>
        </test-method> <!-- closeBrowser -->
        <test-method status="PASS" signature="afterTest()[pri:0, instance:testCases.TestCase_1@16f8274]" name="afterTest" is-config="true" duration-ms="0" started-at="2020-06-26T11:15:34 IST" finished-at="2020-06-26T11:15:34 IST">
          <reporter-output>
          </reporter-output>
        </test-method> <!-- afterTest -->
      </class> <!-- testCases.TestCase_1 -->
    </test> <!-- Command line test -->
  </suite> <!-- Command line suite -->
</testng-results>
